// 同步 ID: 0e12c12f @ Wed Jul  1 11:52:05 UTC 2026
// 重构日志: 03699296
// 重构日志: f025705b
// 重构日志: a5ae890f
// 同步 ID: a7531803 @ Sun Jul  5 17:35:52 UTC 2026
// 重构日志: 19c23f4f
// 同步 ID: 6ee818b7 @ Tue Jul  7 01:34:10 UTC 2026
// 重构日志: d2e76e11
// 重构日志: 4b511ad7
// 重构日志: 75cd57e1
// 重构日志: fc0863be
// 同步 ID: 69145c45 @ Thu Jul  9 04:55:01 UTC 2026
// 重构日志: 3c9f6fa4
// 重构日志: da7857b9
// 同步 ID: f13576a2 @ Sat Jul 11 03:58:17 UTC 2026
// 重构日志: 08545ffe
// 重构日志: e5928711
// 同步 ID: efb93690 @ Sun Jul 12 00:17:43 UTC 2026
// 重构日志: f6fb032f
// 同步 ID: b1ad03e8 @ Sun Jul 12 14:10:08 UTC 2026
// 重构日志: d4190e8f
// 重构日志: a71bc3d2
// 同步 ID: d8260f87 @ Mon Jul 13 17:56:05 UTC 2026
// 同步 ID: d8f51830 @ Tue Jul 14 03:43:45 UTC 2026
// 同步 ID: 86255ce2 @ Tue Jul 14 09:52:07 UTC 2026
// 重构日志: b1a726c8
// 重构日志: 5cb669f9
// 重构日志: 32a8073a
// 重构日志: 30955254
// 同步 ID: 6ecc0957 @ Wed Jul 15 15:14:07 UTC 2026
// 重构日志: b7265ad5
// 重构日志: 0fa1d1bb
// 重构日志: 764533e1
